<?xml version="1.0" encoding="UTF-8"?>
<!-- Generated by org.testng.reporters.JUnitXMLReporter -->
<testsuite ignored="2" hostname="DESKTOP-GEA9L1T" failures="0" tests="1" name="Default test" time="25.46" errors="0" timestamp="2024-03-12T18:01:49 IST">
  <testcase classname="testFiles.Test1" name="testTopLevelMenuAccessibility" time="23.976"/>
  <testcase classname="testFiles.Test1" name="testContactUsFormSubmission" time="0.0">
    <ignored/>
  </testcase> <!-- testContactUsFormSubmission -->
  <testcase classname="testFiles.Test1" name="testRequestADemoButtonPresenceAndActivity" time="0.0">
    <ignored/>
  </testcase> <!-- testRequestADemoButtonPresenceAndActivity -->
</testsuite> <!-- Default test -->
